<?xml version="1.0" encoding="UTF-8"?>
<!-- Generated by org.testng.reporters.JUnitReportReporter -->
<testsuite hostname="Nikhils-MacBook-Pro.local" failures="0" tests="4" name="emtHotel.NewTest" time="11.163" errors="0" timestamp="12 Aug 2021 12:33:38 GMT" skipped="0">
  <testcase classname="emtHotel.NewTest" name="sameDates" time="0.799"/>
  <testcase classname="emtHotel.NewTest" name="searchBar" time="3.575"/>
  <testcase classname="emtHotel.NewTest" name="checkCity" time="4.275"/>
  <testcase classname="emtHotel.NewTest" name="landingPage" time="2.514"/>
</testsuite> <!-- emtHotel.NewTest -->
