<?xml version="1.0" encoding="UTF-8"?>
<!-- Generated by org.testng.reporters.JUnitReportReporter -->
<testsuite skipped="0" hostname="DESKTOP-J77Q8A7" name="signUp.Runner" tests="7" failures="0" timestamp="2021-08-13T18:18:49 IST" time="175.609" errors="0">
  <testcase name="openUrl" time="1.849" classname="signUp.Runner"/>
  <testcase name="signupEmail02" time="33.214" classname="signUp.Runner"/>
  <testcase name="signupEmail03" time="5.929" classname="signUp.Runner"/>
  <testcase name="signupPhone02" time="19.191" classname="signUp.Runner"/>
  <testcase name="signupPhone03" time="11.518" classname="signUp.Runner"/>
  <testcase name="signupEmail01" time="69.009" classname="signUp.Runner"/>
  <testcase name="signupPhone01" time="34.899" classname="signUp.Runner"/>
</testsuite> <!-- signUp.Runner -->
