<?xml version="1.0" encoding="UTF-8"?>
<!-- Generated by org.testng.reporters.JUnitReportReporter -->
<testsuite skipped="0" hostname="DESKTOP-J77Q8A7" name="signUp.OpenUrl" tests="1" failures="0" timestamp="12 Aug 2021 05:38:35 GMT" time="11.159" errors="0">
  <testcase name="openUrl" time="11.159" classname="signUp.OpenUrl"/>
</testsuite> <!-- signUp.OpenUrl -->
