<?xml version="1.0" encoding="UTF-8"?>
<!-- Generated by org.testng.reporters.JUnitReportReporter -->
<testsuite hostname="Nikhils-MacBook-Pro.local" failures="0" tests="8" name="emtHotel.NewTest" time="12.332" errors="0" timestamp="14 Aug 2021 18:28:07 GMT" skipped="0">
  <testcase classname="emtHotel.NewTest" name="disabledInDates" time="1.357"/>
  <testcase classname="emtHotel.NewTest" name="daysGap" time="0.945"/>
  <testcase classname="emtHotel.NewTest" name="checkCity" time="0.320"/>
  <testcase classname="emtHotel.NewTest" name="positiveSearch" time="2.895"/>
  <testcase classname="emtHotel.NewTest" name="disabledOutDate" time="1.119"/>
  <testcase classname="emtHotel.NewTest" name="sameDates" time="1.217"/>
  <testcase classname="emtHotel.NewTest" name="yestDate" time="3.073"/>
  <testcase classname="emtHotel.NewTest" name="landingPage" time="1.406"/>
</testsuite> <!-- emtHotel.NewTest -->
