<?xml version="1.0" encoding="UTF-8"?>
<!-- Generated by org.testng.reporters.JUnitReportReporter -->
<testsuite hostname="Nikhils-MacBook-Pro.local" failures="0" tests="8" name="emtHotel.HSearchTest" time="17.486" errors="0" timestamp="14 Aug 2021 18:57:13 GMT" skipped="0">
  <testcase classname="emtHotel.HSearchTest" name="positiveSearch" time="8.986"/>
  <testcase classname="emtHotel.HSearchTest" name="disabledInDates" time="1.375"/>
  <testcase classname="emtHotel.HSearchTest" name="checkCity" time="0.700"/>
  <testcase classname="emtHotel.HSearchTest" name="daysGap" time="0.941"/>
  <testcase classname="emtHotel.HSearchTest" name="disabledOutDate" time="1.120"/>
  <testcase classname="emtHotel.HSearchTest" name="yestDate" time="2.495"/>
  <testcase classname="emtHotel.HSearchTest" name="sameDates" time="1.094"/>
  <testcase classname="emtHotel.HSearchTest" name="landingPage" time="0.775"/>
</testsuite> <!-- emtHotel.HSearchTest -->
