<?xml version="1.0" encoding="UTF-8"?>
<!-- Generated by org.testng.reporters.JUnitReportReporter -->
<testsuite skipped="0" hostname="LAPTOP-6BLMBPNU" name="flight2.EndToEndFlightBooking" tests="1" failures="0" timestamp="2021-08-13T17:41:26 IST" time="17.667" errors="0">
  <testcase name="endToEnd" time="17.667" classname="flight2.EndToEndFlightBooking"/>
</testsuite> <!-- flight2.EndToEndFlightBooking -->
