<?xml version="1.0" encoding="UTF-8"?>
<!-- Generated by org.testng.reporters.JUnitReportReporter -->
<testsuite skipped="0" hostname="LAPTOP-6BLMBPNU" name="flight2.MyFlightScript2" tests="15" failures="0" timestamp="2021-08-13T18:07:20 IST" time="303.403" errors="0">
  <testcase name="checkRoundtrip" time="16.134" classname="flight2.MyFlightScript2"/>
  <testcase name="aPropLoadMethod" time="12.371" classname="flight2.MyFlightScript2"/>
  <testcase name="checkOneway" time="14.492" classname="flight2.MyFlightScript2"/>
  <testcase name="checkMulticity" time="16.976" classname="flight2.MyFlightScript2"/>
  <testcase name="webCheckIn" time="21.914" classname="flight2.MyFlightScript2"/>
  <testcase name="CheckDefence" time="20.392" classname="flight2.MyFlightScript2"/>
  <testcase name="checkFlightDetails" time="22.074" classname="flight2.MyFlightScript2"/>
  <testcase name="reviewValidEmail" time="25.178" classname="flight2.MyFlightScript2"/>
  <testcase name="reviewInvalidEmail" time="20.944" classname="flight2.MyFlightScript2"/>
  <testcase name="reviewdInsuranceYes" time="21.448" classname="flight2.MyFlightScript2"/>
  <testcase name="reviewdInsuranceNo" time="27.431" classname="flight2.MyFlightScript2"/>
  <testcase name="travellerSection1" time="27.509" classname="flight2.MyFlightScript2"/>
  <testcase name="travellerSection2" time="25.469" classname="flight2.MyFlightScript2"/>
  <testcase name="checkSameLocation" time="16.370" classname="flight2.MyFlightScript2"/>
  <testcase name="maxTravelersCheck" time="14.701" classname="flight2.MyFlightScript2"/>
</testsuite> <!-- flight2.MyFlightScript2 -->
