<?xml version="1.0" encoding="UTF-8"?>
<!-- Generated by org.testng.reporters.JUnitReportReporter -->
<testsuite skipped="13" hostname="LAPTOP-6BLMBPNU" name="flight2.FlightScript2" tests="16" failures="0" timestamp="2021-08-12T17:18:43 IST" time="20.693" errors="0">
  <testcase name="aPropLoadMethod" time="0.017" classname="flight2.FlightScript2"/>
  <testcase name="tc_reviewdetails03" time="9.077" classname="flight2.FlightScript2"/>
  <testcase name="tc_reviewdetails04" time="11.599" classname="flight2.FlightScript2"/>
  <testcase name="webCheckIn" classname="flight2.FlightScript2">
    <skipped/>
  </testcase> <!-- webCheckIn -->
  <testcase name="checkOneway" classname="flight2.FlightScript2">
    <skipped/>
  </testcase> <!-- checkOneway -->
  <testcase name="checkMulticity" classname="flight2.FlightScript2">
    <skipped/>
  </testcase> <!-- checkMulticity -->
  <testcase name="travellerSection1" classname="flight2.FlightScript2">
    <skipped/>
  </testcase> <!-- travellerSection1 -->
  <testcase name="reviewValidEmail" classname="flight2.FlightScript2">
    <skipped/>
  </testcase> <!-- reviewValidEmail -->
  <testcase name="travellerSection2" classname="flight2.FlightScript2">
    <skipped/>
  </testcase> <!-- travellerSection2 -->
  <testcase name="endToEnd" classname="flight2.FlightScript2">
    <skipped/>
  </testcase> <!-- endToEnd -->
  <testcase name="maxTravelersCheck" classname="flight2.FlightScript2">
    <skipped/>
  </testcase> <!-- maxTravelersCheck -->
  <testcase name="reviewInvalidEmail" classname="flight2.FlightScript2">
    <skipped/>
  </testcase> <!-- reviewInvalidEmail -->
  <testcase name="checkSameLocation" classname="flight2.FlightScript2">
    <skipped/>
  </testcase> <!-- checkSameLocation -->
  <testcase name="checkRoundtrip" classname="flight2.FlightScript2">
    <skipped/>
  </testcase> <!-- checkRoundtrip -->
  <testcase name="checkFlightDetails" classname="flight2.FlightScript2">
    <skipped/>
  </testcase> <!-- checkFlightDetails -->
  <testcase name="CheckDefence" classname="flight2.FlightScript2">
    <skipped/>
  </testcase> <!-- CheckDefence -->
</testsuite> <!-- flight2.FlightScript2 -->
